<?xml version="1.0" encoding="UTF-8"?>
<robot generator="Robot 6.1.1 (Python 3.10.12 on linux)" generated="20241202 16:30:12.571" rpa="false" schemaversion="4">
<suite id="s1" name="Test Suites" source="/home/quan/Techlab/tmp/robot-automation-testing/robot_automation_testing/src/test_suites">
<suite id="s1-s1" name="Campaignist" source="/home/quan/Techlab/tmp/robot-automation-testing/robot_automation_testing/src/test_suites/campaignist">
<suite id="s1-s1-s1" name="Tests" source="/home/quan/Techlab/tmp/robot-automation-testing/robot_automation_testing/src/test_suites/campaignist/tests">
<suite id="s1-s1-s1-s1" name="Campaignist Blog Test" source="/home/quan/Techlab/tmp/robot-automation-testing/robot_automation_testing/src/test_suites/campaignist/tests/campaignist_blog_test.robot">
<test id="s1-s1-s1-s1-t1" name="Verify Site Title" line="14">
<kw name="Open Site">
<kw name="Open Browser" library="SeleniumLibrary">
<arg>${URL}</arg>
<arg>${BROWSER}</arg>
<doc>Opens a new browser instance to the optional ``url``.</doc>
<msg timestamp="20241202 16:30:12.663" level="INFO">Opening browser 'Chrome' to base url 'https://campaignist.io'.</msg>
<status status="PASS" starttime="20241202 16:30:12.663" endtime="20241202 16:30:15.459"/>
</kw>
<kw name="Maximize Browser Window" library="SeleniumLibrary">
<doc>Maximizes current browser window.</doc>
<status status="PASS" starttime="20241202 16:30:15.460" endtime="20241202 16:30:15.534"/>
</kw>
<status status="PASS" starttime="20241202 16:30:12.662" endtime="20241202 16:30:15.534"/>
</kw>
<kw name="Get Title" library="SeleniumLibrary">
<var>${title}</var>
<doc>Returns the title of the current page.</doc>
<msg timestamp="20241202 16:30:15.538" level="INFO">${title} = Home - Campaignist</msg>
<status status="PASS" starttime="20241202 16:30:15.534" endtime="20241202 16:30:15.538"/>
</kw>
<kw name="Should Contain" library="BuiltIn">
<arg>${title}</arg>
<arg>Campaignist</arg>
<doc>Fails if ``container`` does not contain ``item`` one or more times.</doc>
<status status="PASS" starttime="20241202 16:30:15.538" endtime="20241202 16:30:15.538"/>
</kw>
<status status="PASS" starttime="20241202 16:30:12.662" endtime="20241202 16:30:15.538"/>
</test>
<status status="PASS" starttime="20241202 16:30:12.582" endtime="20241202 16:30:15.539"/>
</suite>
<status status="PASS" starttime="20241202 16:30:12.582" endtime="20241202 16:30:15.540"/>
</suite>
<status status="PASS" starttime="20241202 16:30:12.581" endtime="20241202 16:30:15.540"/>
</suite>
<status status="PASS" starttime="20241202 16:30:12.572" endtime="20241202 16:30:15.541"/>
</suite>
<statistics>
<total>
<stat pass="1" fail="0" skip="0">All Tests</stat>
</total>
<tag>
</tag>
<suite>
<stat pass="1" fail="0" skip="0" id="s1" name="Test Suites">Test Suites</stat>
<stat pass="1" fail="0" skip="0" id="s1-s1" name="Campaignist">Test Suites.Campaignist</stat>
<stat pass="1" fail="0" skip="0" id="s1-s1-s1" name="Tests">Test Suites.Campaignist.Tests</stat>
<stat pass="1" fail="0" skip="0" id="s1-s1-s1-s1" name="Campaignist Blog Test">Test Suites.Campaignist.Tests.Campaignist Blog Test</stat>
</suite>
</statistics>
<errors>
</errors>
</robot>
